<?xml version="1.0" encoding="UTF-8"?>
<testsuite xmlns:xsi="http://www.w3.org/2001/XMLSchema-instance" xsi:noNamespaceSchemaLocation="https://maven.apache.org/surefire/maven-surefire-plugin/xsd/surefire-test-report.xsd" version="3.0.2" name="com.example.eventify.EventifyApplicationTests" time="2.852" tests="1" errors="0" skipped="0" failures="0" flakes="0">
  <properties>
[...]
</properties>
  <testcase name="contextLoads" classname="com.example.eventify.EventifyApplicationTests" time="0.479">
    <system-out><![CDATA[19:25:02.103 [main] INFO org.springframework.test.context.support.AnnotationConfigContextLoaderUtils -- Could not detect default configuration classes for test class [com.example.eventify.EventifyApplicationTests]: EventifyApplicationTests does not declare any static, non-private, non-final, nested classes annotated with @Configuration.
19:25:02.279 [main] INFO org.springframework.boot.test.context.SpringBootTestContextBootstrapper -- Found @SpringBootConfiguration com.example.eventify.EventifyApplication for test class com.example.eventify.EventifyApplicationTests
19:25:02.418 [main] INFO org.springframework.test.context.support.AnnotationConfigContextLoaderUtils -- Could not detect default configuration classes for test class [com.example.eventify.EventifyApplicationTests]: EventifyApplicationTests does not declare any static, non-private, non-final, nested classes annotated with @Configuration.
19:25:02.422 [main] INFO org.springframework.boot.test.context.SpringBootTestContextBootstrapper -- Found @SpringBootConfiguration com.example.eventify.EventifyApplication for test class com.example.eventify.EventifyApplicationTests

  .   ____          _            __ _ _
 /\\ / ___'_ __ _ _(_)_ __  __ _ \ \ \ \
( ( )\___ | '_ | '_| | '_ \/ _` | \ \ \ \
 \\/  ___)| |_)| | | | | || (_| |  ) ) ) )
  '  |____| .__|_| |_|_| |_\__, | / / / /
 =========|_|==============|___/=/_/_/_/

 :: Spring Boot ::                (v4.0.6)

2026-05-07T19:25:02.890-05:00  INFO 19987 --- [eventify] [           main] c.e.eventify.EventifyApplicationTests    : Starting EventifyApplicationTests using Java 21.0.10 with PID 19987 (started by antonio in /home/antonio/Desktop/modulo6_us/eventify)
2026-05-07T19:25:02.892-05:00  INFO 19987 --- [eventify] [           main] c.e.eventify.EventifyApplicationTests    : No active profile set, falling back to 1 default profile: "default"
2026-05-07T19:25:04.154-05:00  INFO 19987 --- [eventify] [           main] c.e.eventify.EventifyApplicationTests    : Started EventifyApplicationTests in 1.652 seconds (process running for 3.506)
2026-05-07T19:25:04.157-05:00  WARN 19987 --- [eventify] [           main] o.s.core.events.SpringDocAppInitializer  : SpringDoc /v3/api-docs endpoint is enabled by default. To disable it in production, set the property 'springdoc.api-docs.enabled=false'
2026-05-07T19:25:04.157-05:00  WARN 19987 --- [eventify] [           main] o.s.core.events.SpringDocAppInitializer  : SpringDoc /swagger-ui.html endpoint is enabled by default. To disable it in production, set the property 'springdoc.swagger-ui.enabled=false'
]]></system-out>
    <system-err><![CDATA[Mockito is currently self-attaching to enable the inline-mock-maker. This will no longer work in future releases of the JDK. Please add Mockito as an agent to your build as described in Mockito's documentation: https://javadoc.io/doc/org.mockito/mockito-core/latest/org.mockito/org/mockito/Mockito.html#0.3
WARNING: A Java agent has been loaded dynamically (/home/antonio/.m2/repository/net/bytebuddy/byte-buddy-agent/1.17.8/byte-buddy-agent-1.17.8.jar)
WARNING: If a serviceability tool is in use, please run with -XX:+EnableDynamicAgentLoading to hide this warning
WARNING: If a serviceability tool is not in use, please run with -Djdk.instrument.traceUsage for more information
WARNING: Dynamic loading of agents will be disallowed by default in a future release
]]></system-err>
  </testcase>
</testsuite>